NotepadPlusPlus_Enhanced_v2.1.0/app/build/outputs/mapping/release/seeds.txt
com.smartnotes.notepadplusplus.data.database.NoteDao_Impl$1
com.smartnotes.notepadplusplus.ui.backup.BackupRestoreActivity
com.smartnotes.notepadplusplus.data.repository.NoteRepository$updateNote$1
com.smartnotes.notepadplusplus.data.repository.NoteRepository$getAllNotesForBackup$2
com.smartnotes.notepadplusplus.data.database.NoteDao_Impl$10
com.smartnotes.notepadplusplus.data.repository.NoteRepository$deleteNote$2
com.smartnotes.notepadplusplus.ui.splash.SplashActivity
com.smartnotes.notepadplusplus.ui.privacy.TermsActivity
com.smartnotes.notepadplusplus.data.database.NoteDao_Impl$14
com.smartnotes.notepadplusplus.data.repository.NoteRepository$deleteById$1
com.smartnotes.notepadplusplus.data.database.NoteDao_Impl$20
com.smartnotes.notepadplusplus.data.database.NoteDao_Impl
com.smartnotes.notepadplusplus.data.database.NoteDao_Impl$29
com.smartnotes.notepadplusplus.data.repository.NoteRepository$insertNote$2
com.smartnotes.notepadplusplus.data.repository.NoteRepository$setReminder$1
com.smartnotes.notepadplusplus.data.database.NoteDao_Impl$17
com.smartnotes.notepadplusplus.data.database.NoteDatabase_Impl$1
com.smartnotes.notepadplusplus.data.repository.NoteRepository$restoreNotes$2
com.smartnotes.notepadplusplus.data.database.NoteDao
com.smartnotes.notepadplusplus.data.database.NoteDatabase$Companion$MIGRATION_1_2$1
com.smartnotes.notepadplusplus.data.database.NoteDao_Impl$27
com.smartnotes.notepadplusplus.data.repository.NoteRepository$setReminder$2
com.smartnotes.notepadplusplus.ui.addedit.AddEditNoteActivity
com.smartnotes.notepadplusplus.data.repository.NoteRepository$setLocked$1
com.smartnotes.notepadplusplus.data.database.NoteDao_Impl$4
com.smartnotes.notepadplusplus.data.database.NoteDao_Impl$15
com.smartnotes.notepadplusplus.data.database.NoteDao_Impl$25
com.smartnotes.notepadplusplus.data.database.NoteDao_Impl$2
com.smartnotes.notepadplusplus.data.database.NoteEntity
com.smartnotes.notepadplusplus.data.database.NoteDatabase$Companion
com.smartnotes.notepadplusplus.data.database.NoteDao_Impl$19
com.smartnotes.notepadplusplus.data.database.NoteDao_Impl$12
com.smartnotes.notepadplusplus.data.repository.NoteRepository$setArchived$2
com.smartnotes.notepadplusplus.data.database.NoteDatabase_Impl
com.smartnotes.notepadplusplus.data.database.NoteDao_Impl$9
com.smartnotes.notepadplusplus.data.database.NoteDatabase
com.smartnotes.notepadplusplus.data.repository.NoteRepository$insertNote$1
com.smartnotes.notepadplusplus.data.repository.NoteRepository$setLocked$2
com.smartnotes.notepadplusplus.data.repository.NoteRepository
com.smartnotes.notepadplusplus.data.database.NoteDao_Impl$18
com.smartnotes.notepadplusplus.data.database.NoteDao_Impl$26
com.smartnotes.notepadplusplus.data.database.NoteDao_Impl$13
com.smartnotes.notepadplusplus.data.repository.NoteRepository$setPinned$2
com.smartnotes.notepadplusplus.receivers.ReminderReceiver
com.smartnotes.notepadplusplus.data.database.NoteDao_Impl$5
com.smartnotes.notepadplusplus.ui.detail.NoteDetailActivity
com.smartnotes.notepadplusplus.data.repository.NoteRepository$setPinned$1
com.smartnotes.notepadplusplus.data.database.NoteDao_Impl$24
com.smartnotes.notepadplusplus.data.database.NoteDao_Impl$6
com.smartnotes.notepadplusplus.data.database.NoteDao_Impl$16
com.smartnotes.notepadplusplus.data.database.NoteDao_Impl$3
com.smartnotes.notepadplusplus.data.database.NoteDao_Impl$22
com.smartnotes.notepadplusplus.data.repository.NoteRepository$setArchived$1
com.smartnotes.notepadplusplus.data.repository.NoteRepository$deleteById$2
com.smartnotes.notepadplusplus.data.database.NoteDao_Impl$8
com.smartnotes.notepadplusplus.receivers.BootReceiver
com.smartnotes.notepadplusplus.data.database.NoteDao_Impl$21
com.smartnotes.notepadplusplus.data.database.NoteDao_Impl$11
com.smartnotes.notepadplusplus.data.database.NoteDao_Impl$23
com.smartnotes.notepadplusplus.data.database.NoteDao_Impl$7
com.smartnotes.notepadplusplus.ui.settings.SettingsActivity
...
com.google.android.gms.internal.ads.zzaqm: long zze
com.google.android.gms.internal.ads.zzhao: java.lang.String zzh
kotlin.coroutines.jvm.internal.ContinuationImpl: kotlin.coroutines.CoroutineContext _context
com.google.android.material.datepicker.DateValidatorPointForward: android.os.Parcelable$Creator CREATOR
com.google.android.gms.internal.ads.zzaqa: com.google.android.gms.internal.ads.zzaqa zzb
com.google.android.gms.internal.ads.zzbcc: int zze
com.google.android.gms.internal.ads.zzaqc: long zzh
com.google.android.gms.internal.ads.zzbci: com.google.android.gms.internal.ads.zzbbw zzf
com.google.android.gms.internal.ads.zzhao: int zzp
com.google.android.material.datepicker.CalendarConstraints: android.os.Parcelable$Creator CREATOR
com.google.android.gms.internal.ads.zzape: int zzd
com.google.android.gms.internal.ads.zzaow: long zzk
com.google.android.gms.internal.ads.zzcbt: android.os.Parcelable$Creator CREATOR
com.google.android.gms.internal.ads.zzfkn: int zzA
com.google.android.gms.internal.ads.zzazx: com.google.android.gms.internal.ads.zzbbp zzh
com.google.android.gms.internal.ads.zzaqd: long zzm
com.google.android.gms.internal.ads.zzfkn: int zzf
com.google.android.gms.internal.ads.zzbaf: com.google.android.gms.internal.ads.zzgwu zzj
com.google.android.gms.internal.ads.zzbay: com.google.android.gms.internal.ads.zzbat zzk
com.google.ads.mediation.admob.AdMobAdapter: java.lang.String AD_PARAMETER
com.google.android.gms.internal.ads.zzgrm: int zzf
com.google.android.gms.internal.ads.zzbcg: com.google.android.gms.internal.ads.zzbbw zzf
com.google.android.gms.internal.ads.zzazh: int zzd
com.google.android.gms.internal.ads.zzhbo: int zzd
com.google.android.gms.internal.ads.zzhcl: boolean zzr
com.google.android.gms.internal.ads.zzbal: com.google.android.gms.internal.ads.zzbah zze
com.google.android.gms.internal.ads.zzbbn: int zze
com.google.android.gms.internal.ads.zzbav: com.google.android.gms.internal.ads.zzbbn zzf
com.google.android.gms.internal.ads.zzaow: java.lang.String zzn
com.google.android.gms.internal.ads.zzaqf: int zzd
com.google.android.gms.internal.ads.zzfkn: long zzn
com.google.android.gms.internal.ads.zzaqa: long zzf
com.google.android.gms.appset.zza: android.os.Parcelable$Creator CREATOR
com.google.android.gms.internal.ads.zzgag: java.util.Set seenExceptions
com.google.android.gms.internal.ads.zzavf: java.lang.String zze
androidx.datastore.preferences.PreferencesProto$Value: int bitField0_
com.google.android.gms.internal.ads.zzbbp: int zzf
com.google.android.gms.internal.ads.zzbmk: android.os.Parcelable$Creator CREATOR
com.google.android.gms.internal.ads.zzbay: int zzq
com.google.android.gms.internal.ads.zzaqd: long zzz
com.google.android.gms.internal.ads.zzhao: com.google.android.gms.internal.ads.zzgwr zzv
com.google.android.gms.internal.ads.zzbbr: com.google.android.gms.internal.ads.zzbci zzh
com.google.android.gms.internal.ads.zzazt: com.google.android.gms.internal.ads.zzazt zzb
com.google.android.gms.internal.ads.zzhcl: java.lang.String zzw
com.google.android.gms.internal.ads.zzhas: int zzd
com.google.android.gms.internal.ads.zzgqb: com.google.android.gms.internal.ads.zzgqe zze
com.google.android.gms.internal.ads.zzgru: java.lang.String zzd
androidx.room.SharedSQLiteStatement: java.util.concurrent.atomic.AtomicBoolean lock
com.google.android.gms.internal.ads.zzbbw: int zzd
com.google.android.gms.internal.ads.zzgqe: int zzd
com.google.android.gms.internal.ads.zzbca: int zzd
com.google.android.gms.internal.ads.zzbal: com.google.android.gms.internal.ads.zzbal zzb
com.google.android.gms.internal.ads.zzapw: int zze
com.google.android.gms.internal.ads.zzgru: java.lang.String zze
com.google.android.gms.internal.ads.zzbln: android.os.Parcelable$Creator CREATOR
com.google.android.gms.internal.ads.zzaqd: long zzS
com.google.android.gms.internal.ads.zzbaf: com.google.android.gms.internal.ads.zzazb zzn
androidx.core.widget.NestedScrollView$SavedState: android.os.Parcelable$Creator CREATOR