NotepadPlusPlus_Enhanced_v2.1.0/app/build/outputs/mapping/release/usage.txt
com.smartnotes.notepadplusplus.BuildConfig
com.smartnotes.notepadplusplus.NoteApplication:
    public static final java.lang.String REMINDER_CHANNEL_ID
com.smartnotes.notepadplusplus.R$anim:
    public static int fade_out
    private void <init>()
com.smartnotes.notepadplusplus.R$array
com.smartnotes.notepadplusplus.R$color:
    public static int background
    public static int card_background
    public static int divider
    public static int error
    public static int primary_dark
    public static int primary_light
    public static int success
    public static int text_primary
    public static int text_secondary
    public static int white
    private void <init>()
com.smartnotes.notepadplusplus.R$drawable:
    public static int bg_label_badge
    public static int ic_add
    public static int ic_backup
    public static int ic_edit
    public static int ic_empty_notes
    public static int ic_launcher_background
    public static int ic_launcher_foreground
    public static int ic_lock
    public static int ic_moon
    public static int ic_pin
    public static int ic_reminder
    public static int ic_search
    private void <init>()
com.smartnotes.notepadplusplus.R$font:
    public static int handwriting_font_family
    private void <init>()
com.smartnotes.notepadplusplus.R$id:
    public static int cardView
    private void <init>()
com.smartnotes.notepadplusplus.R$layout:
    private void <init>()
com.smartnotes.notepadplusplus.R$menu:
    private void <init>()
com.smartnotes.notepadplusplus.R$mipmap
com.smartnotes.notepadplusplus.R$string:
    public static int app_name
    public static int cancel
    public static int delete
    public static int delete_note
    public static int delete_note_confirm
    public static int new_note
    public static int no_notes
    public static int note_content
    public static int note_deleted
    public static int note_title
    public static int save
    public static int search_notes
    public static int tagline
    public static int tap_to_add
    private void <init>()
com.smartnotes.notepadplusplus.R$style
com.smartnotes.notepadplusplus.R$xml
com.smartnotes.notepadplusplus.R
com.smartnotes.notepadplusplus.databinding.ActivityAddEditNoteBinding:
    public synthetic bridge android.view.View getRoot()
com.smartnotes.notepadplusplus.databinding.ActivityBackupRestoreBinding:
    public synthetic bridge android.view.View getRoot()
com.smartnotes.notepadplusplus.databinding.ActivityNoteDetailBinding:
    public synthetic bridge android.view.View getRoot()
com.smartnotes.notepadplusplus.databinding.ActivityNotesListBinding:
    public synthetic bridge android.view.View getRoot()
com.smartnotes.notepadplusplus.databinding.ActivityPrivacyBinding:
    public synthetic bridge android.view.View getRoot()
com.smartnotes.notepadplusplus.databinding.ActivitySettingsBinding:
    public synthetic bridge android.view.View getRoot()
com.smartnotes.notepadplusplus.databinding.ActivitySplashBinding:
    public synthetic bridge android.view.View getRoot()
com.smartnotes.notepadplusplus.databinding.ItemNoteBinding:
    public synthetic bridge android.view.View getRoot()
    public static com.smartnotes.notepadplusplus.databinding.ItemNoteBinding inflate(android.view.LayoutInflater)
com.smartnotes.notepadplusplus.databinding.ItemNoteGridBinding:
    public synthetic bridge android.view.View getRoot()
    public static com.smartnotes.notepadplusplus.databinding.ItemNoteGridBinding inflate(android.view.LayoutInflater)
com.smartnotes.notepadplusplus.ui.addedit.AddEditNoteActivity$special$$inlined$viewModels$default$1
com.smartnotes.notepadplusplus.ui.addedit.AddEditNoteActivity:
    public static final java.lang.String EXTRA_NOTE_ID
...
com.google.android.gms.internal.ads.zzdui
com.google.android.gms.internal.ads.zzduj
com.google.android.gms.internal.ads.zzduk
com.google.android.gms.internal.ads.zzdul
com.google.android.gms.internal.ads.zzdum
com.google.android.gms.internal.ads.zzduo
com.google.android.gms.internal.ads.zzduq
com.google.android.gms.internal.ads.zzdur
com.google.android.gms.internal.ads.zzdus
com.google.android.gms.internal.ads.zzduu:
    public static void zza()
    public static void zzb()
    public static void zzc()
    public final void zzd(int,long)
    public static void zze()
    public final void zzf(long)
    public static void zzg()
    public final void zzh(long)
    public static void zzj()
    public static void zzk()
    public static void zzl()
    public final void zzm(int,long)
    public final void zzn(int,long)
    public static void zzo()
    public static void zzp()
    public final void zzq(long)
    public static void zzr()
com.google.android.gms.internal.ads.zzduv:
    public final com.google.android.gms.internal.ads.zzduu zza()
com.google.android.gms.internal.ads.zzduw:
    public final void zze()
    public final void zzf(java.lang.String)
com.google.android.gms.internal.ads.zzdux
com.google.android.gms.internal.ads.zzduy
com.google.android.gms.internal.ads.zzduz:
    public abstract com.google.android.gms.internal.ads.zzduw zzd()
com.google.android.gms.internal.ads.zzdv:
    public com.google.android.gms.internal.ads.zzdw zzd
    public com.google.android.gms.internal.ads.zzdw zze
    public static java.nio.ByteBuffer zzb()
    public static void zzd()
    public static void zze()
com.google.android.gms.internal.ads.zzdvc
com.google.android.gms.internal.ads.zzdvg
com.google.android.gms.internal.ads.zzdvh
com.google.android.gms.internal.ads.zzdvi
com.google.android.gms.internal.ads.zzdvl
com.google.android.gms.internal.ads.zzdvm
com.google.android.gms.internal.ads.zzdvn
com.google.android.gms.internal.ads.zzdvo
com.google.android.gms.internal.ads.zzdvp
com.google.android.gms.internal.ads.zzdvr:
    public static boolean zzbK$com$google$android$gms$internal$ads$zzbmd()
com.google.android.gms.internal.ads.zzdvs:
    public static synthetic java.lang.Object zzf()
    public static void zzl()
    public static void zzm()
    public static void zzn()
    public static synthetic void zzo()
    public static void zzp()
    public static void zzq()
    public final void zzs(com.google.android.gms.internal.ads.zzbmh)
    public static boolean zzt()
com.google.android.gms.internal.ads.zzdvt:
    public final com.google.android.gms.internal.ads.zzhec zzd
com.google.android.gms.internal.ads.zzdvu:
    public final synchronized android.os.Bundle zzg()
com.google.android.gms.internal.ads.zzdvv:
    public static synthetic bridge com.google.android.gms.internal.ads.zzbdf zza()
com.google.android.gms.internal.ads.zzdvw
com.google.android.gms.internal.ads.zzdvz:
    public static void zza()
    public static void zzc()
com.google.android.gms.internal.ads.zzdwb:
    public final java.lang.String zzc()
    public final void zze()
    public final void zzf$1()
    public final boolean zzg()
com.google.android.gms.internal.ads.zzdwc
com.google.android.gms.internal.ads.zzdwd
com.google.android.gms.internal.ads.zzdwe
com.google.android.gms.internal.ads.zzdwf
com.google.android.gms.internal.ads.zzdwi:
    public final void zzc()
com.google.android.gms.internal.ads.zzdwn:
    public static com.google.android.gms.internal.ads.zzdwj zza()
    public final synchronized java.lang.String zzc()
    public final synchronized java.lang.String zzd()
    public final synchronized org.json.JSONObject zze()
    public final synchronized void zzi()
    public final synchronized void zzj()
    public static void zzk()
    public static void zzl()
    public final synchronized void zzm()
    public static boolean zzo()
    public final synchronized boolean zzq()
    public final boolean zzr()
    public final synchronized void zzz()